<?xml version="1.0" encoding="UTF-8"?>
<testng-results skipped="0" failed="0" ignored="0" total="1" passed="1">
  <reporter-output>
  </reporter-output>
  <suite name="Default suite" duration-ms="40" started-at="2017-07-17T17:47:45Z" finished-at="2017-07-17T17:47:45Z">
    <groups>
    </groups>
    <test name="Default test" duration-ms="40" started-at="2017-07-17T17:47:45Z" finished-at="2017-07-17T17:47:45Z">
      <class name="Login.CheckingFb">
        <test-method status="PASS" signature="sub()[pri:0, instance:Login.CheckingFb@2b98378d]" name="sub" duration-ms="15" started-at="2017-07-17T13:47:45Z" finished-at="2017-07-17T13:47:45Z">
          <reporter-output>
          </reporter-output>
        </test-method> <!-- sub -->
      </class> <!-- Login.CheckingFb -->
    </test> <!-- Default test -->
  </suite> <!-- Default suite -->
</testng-results>
