<?xml version="1.0" encoding="UTF-8"?>
<testng-results skipped="0" failed="0" ignored="0" total="1" passed="1">
  <reporter-output>
  </reporter-output>
  <suite name="Default suite" duration-ms="3854" started-at="2017-07-13T22:28:49Z" finished-at="2017-07-13T22:28:53Z">
    <groups>
    </groups>
    <test name="Default test" duration-ms="3854" started-at="2017-07-13T22:28:49Z" finished-at="2017-07-13T22:28:53Z">
      <class name="Selenium.TestNG">
        <test-method status="PASS" signature="closeBrowser()[pri:6, instance:Selenium.TestNG@5056dfcb]" name="closeBrowser" duration-ms="3835" started-at="2017-07-13T18:28:49Z" finished-at="2017-07-13T18:28:53Z">
          <reporter-output>
          </reporter-output>
        </test-method> <!-- closeBrowser -->
      </class> <!-- Selenium.TestNG -->
    </test> <!-- Default test -->
  </suite> <!-- Default suite -->
</testng-results>
