<?xml version="1.0" encoding="UTF-8"?>
<!-- Generated by org.testng.reporters.JUnitXMLReporter -->
<testsuite hostname="DESKTOP-LQ844T8" ignored="3" name="Test" tests="3" failures="0" timestamp="13 Jul 2017 21:11:49 GMT" time="0.028" errors="0">
  <testcase name="one" time="0.008" classname="Selenium.Grouping"/>
  <testcase name="two" time="0.0" classname="Selenium.Grouping"/>
  <testcase name="Two" time="0.0" classname="Selenium.Hai"/>
  <testcase name="openBrowser" time="0.0" classname="Selenium.Application">
    <ignored/>
  </testcase> <!-- openBrowser -->
  <testcase name="three" time="0.0" classname="Selenium.Grouping">
    <ignored/>
  </testcase> <!-- three -->
  <testcase name="closeBrowser" time="0.0" classname="Selenium.TestNG">
    <ignored/>
  </testcase> <!-- closeBrowser -->
</testsuite> <!-- Test -->
