<?xml version="1.0" encoding="UTF-8"?>
<!-- Generated by org.testng.reporters.JUnitXMLReporter -->
<testsuite hostname="DESKTOP-LQ844T8" ignored="2" name="Test" tests="4" failures="0" timestamp="18 Jul 2017 01:57:14 GMT" time="0.054" errors="0">
  <testcase name="one" time="0.016" classname="Selenium.Grouping"/>
  <testcase name="two" time="0.003" classname="Selenium.Grouping"/>
  <testcase name="three" time="0.0" classname="Selenium.Grouping"/>
  <testcase name="Two" time="0.0" classname="Selenium.Hai"/>
  <testcase name="openBrowser" time="0.0" classname="Selenium.Application">
    <ignored/>
  </testcase> <!-- openBrowser -->
  <testcase name="closeBrowser" time="0.0" classname="Selenium.TestNG">
    <ignored/>
  </testcase> <!-- closeBrowser -->
</testsuite> <!-- Test -->
