<?xml version="1.0" encoding="UTF-8"?>
<testng-results skipped="0" failed="0" ignored="0" total="3" passed="3">
  <reporter-output>
  </reporter-output>
  <suite name="Suite" duration-ms="18409" started-at="2017-07-19T03:35:01Z" finished-at="2017-07-19T03:35:19Z">
    <groups>
    </groups>
    <test name="Test_chrome" duration-ms="9309" started-at="2017-07-19T03:35:01Z" finished-at="2017-07-19T03:35:10Z">
      <class name="First.program.Sample2">
        <test-method status="PASS" signature="fbApp(java.lang.String)[pri:0, instance:First.program.Sample2@735b5592]" name="fbApp" duration-ms="9282" started-at="2017-07-18T23:35:01Z" finished-at="2017-07-18T23:35:10Z">
          <params>
            <param index="0">
              <value>
                <![CDATA[chrome]]>
              </value>
            </param>
          </params>
          <reporter-output>
          </reporter-output>
        </test-method> <!-- fbApp -->
      </class> <!-- First.program.Sample2 -->
    </test> <!-- Test_chrome -->
    <test name="Test" duration-ms="9305" started-at="2017-07-19T03:35:01Z" finished-at="2017-07-19T03:35:10Z">
      <class name="First.program.Sample1">
        <test-method status="PASS" signature="fbApp()[pri:0, instance:First.program.Sample1@174d20a]" name="fbApp" duration-ms="9282" started-at="2017-07-18T23:35:01Z" finished-at="2017-07-18T23:35:10Z">
          <reporter-output>
          </reporter-output>
        </test-method> <!-- fbApp -->
      </class> <!-- First.program.Sample1 -->
    </test> <!-- Test -->
    <test name="Test_firefox" duration-ms="8990" started-at="2017-07-19T03:35:10Z" finished-at="2017-07-19T03:35:19Z">
      <class name="First.program.Sample2">
        <test-method status="PASS" signature="fbApp(java.lang.String)[pri:0, instance:First.program.Sample2@548a9f61]" name="fbApp" duration-ms="8989" started-at="2017-07-18T23:35:10Z" finished-at="2017-07-18T23:35:19Z">
          <params>
            <param index="0">
              <value>
                <![CDATA[firefox]]>
              </value>
            </param>
          </params>
          <reporter-output>
          </reporter-output>
        </test-method> <!-- fbApp -->
      </class> <!-- First.program.Sample2 -->
    </test> <!-- Test_firefox -->
  </suite> <!-- Suite -->
</testng-results>
