<?xml version="1.0" encoding="UTF-8"?>
<testng-results skipped="0" failed="0" ignored="0" total="1" passed="1">
  <reporter-output>
  </reporter-output>
  <suite name="Suite" duration-ms="6454" started-at="2017-07-18T01:22:05Z" finished-at="2017-07-18T01:22:11Z">
    <groups>
    </groups>
    <test name="Test" duration-ms="6454" started-at="2017-07-18T01:22:05Z" finished-at="2017-07-18T01:22:11Z">
      <class name="TestingApps.Test1">
        <test-method status="PASS" signature="setup()[pri:0, instance:TestingApps.Test1@6bdf28bb]" name="setup" is-config="true" duration-ms="15" started-at="2017-07-17T21:22:05Z" finished-at="2017-07-17T21:22:05Z">
          <reporter-output>
          </reporter-output>
        </test-method> <!-- setup -->
        <test-method status="PASS" signature="openBrowser()[pri:0, instance:TestingApps.Test1@6bdf28bb]" name="openBrowser" duration-ms="6435" started-at="2017-07-17T21:22:05Z" finished-at="2017-07-17T21:22:11Z">
          <reporter-output>
          </reporter-output>
        </test-method> <!-- openBrowser -->
      </class> <!-- TestingApps.Test1 -->
    </test> <!-- Test -->
  </suite> <!-- Suite -->
</testng-results>
